0 info it worked if it ends with ok
1 verbose cli [ 'C:\\Program Files\\nodejs\\node.exe',
1 verbose cli   'C:\\Program Files\\nodejs\\node_modules\\npm\\bin\\npm-cli.js',
1 verbose cli   'start' ]
2 info using npm@3.10.10
3 info using node@v6.11.0
4 verbose run-script [ 'prestart', 'start', 'poststart' ]
5 info lifecycle contact@0.0.0~prestart: contact@0.0.0
6 silly lifecycle contact@0.0.0~prestart: no script for prestart, continuing
7 info lifecycle contact@0.0.0~start: contact@0.0.0
8 verbose lifecycle contact@0.0.0~start: unsafe-perm in lifecycle true
9 verbose lifecycle contact@0.0.0~start: PATH: C:\Program Files\nodejs\node_modules\npm\bin\node-gyp-bin;E:\Angular CLI\project\Contact\node_modules\.bin;C:\Program Files (x86)\Microsoft DirectX SDK (March 2008)\Utilities\Bin\x86;C:\WINDOWS\system32;C:\WINDOWS;C:\WINDOWS\System32\Wbem;C:\WINDOWS\System32\WindowsPowerShell\v1.0\;C:\Program Files\TortoiseSVN\bin;C:\Program Files (x86)\Skype\Phone\;C:\Program Files (x86)\Microsoft SQL Server\80\Tools\Binn\;C:\Program Files (x86)\Microsoft SQL Server\90\DTS\Binn\;C:\Program Files (x86)\Microsoft SQL Server\90\Tools\binn\;c:\Program Files (x86)\Microsoft SQL Server\100\Tools\Binn\VSShell\Common7\IDE\;c:\Program Files (x86)\Microsoft SQL Server\100\Tools\Binn\;c:\Program Files (x86)\Microsoft SQL Server\100\DTS\Binn\;C:\Program Files\nodejs\;C:\Users\tuannq\AppData\Local\Microsoft\WindowsApps;C:\Users\tuannq\AppData\Roaming\npm;;C:\Program Files (x86)\Microsoft VS Code\bin;C:\AppServ\Apache24\bin;C:\AppServ\php5;C:\Program Files\Heroku\bin
10 verbose lifecycle contact@0.0.0~start: CWD: E:\Angular CLI\project\Contact
11 silly lifecycle contact@0.0.0~start: Args: [ '/d /s /c', 'ng serve --hmr -e=hmr' ]
12 silly lifecycle contact@0.0.0~start: Returned: code: 3221225786  signal: null
13 info lifecycle contact@0.0.0~start: Failed to exec start script
14 verbose stack Error: contact@0.0.0 start: `ng serve --hmr -e=hmr`
14 verbose stack Exit status 3221225786
14 verbose stack     at EventEmitter.<anonymous> (C:\Program Files\nodejs\node_modules\npm\lib\utils\lifecycle.js:255:16)
14 verbose stack     at emitTwo (events.js:106:13)
14 verbose stack     at EventEmitter.emit (events.js:191:7)
14 verbose stack     at ChildProcess.<anonymous> (C:\Program Files\nodejs\node_modules\npm\lib\utils\spawn.js:40:14)
14 verbose stack     at emitTwo (events.js:106:13)
14 verbose stack     at ChildProcess.emit (events.js:191:7)
14 verbose stack     at maybeClose (internal/child_process.js:891:16)
14 verbose stack     at Process.ChildProcess._handle.onexit (internal/child_process.js:226:5)
15 verbose pkgid contact@0.0.0
16 verbose cwd E:\Angular CLI\project\Contact
17 error Windows_NT 10.0.15063
18 error argv "C:\\Program Files\\nodejs\\node.exe" "C:\\Program Files\\nodejs\\node_modules\\npm\\bin\\npm-cli.js" "start"
19 error node v6.11.0
20 error npm  v3.10.10
21 error code ELIFECYCLE
22 error contact@0.0.0 start: `ng serve --hmr -e=hmr`
22 error Exit status 3221225786
23 error Failed at the contact@0.0.0 start script 'ng serve --hmr -e=hmr'.
23 error Make sure you have the latest version of node.js and npm installed.
23 error If you do, this is most likely a problem with the contact package,
23 error not with npm itself.
23 error Tell the author that this fails on your system:
23 error     ng serve --hmr -e=hmr
23 error You can get information on how to open an issue for this project with:
23 error     npm bugs contact
23 error Or if that isn't available, you can get their info via:
23 error     npm owner ls contact
23 error There is likely additional logging output above.
24 verbose exit [ 1, true ]
